<?xml version="1.0" encoding="UTF-8"?>
<!-- Generated by org.testng.reporters.JUnitReportReporter -->
<testsuite hostname="Lenovo-G50" name="testcases.VerifyLoginPage4withReports" tests="1" failures="0" timestamp="5 Sep 2017 22:34:11 GMT" time="22.797" errors="0">
  <testcase name="testHomePage" time="22.797" classname="testcases.VerifyLoginPage4withReports"/>
</testsuite> <!-- testcases.VerifyLoginPage4withReports -->
