<?xml version="1.0" encoding="UTF-8"?>
<!-- Generated by org.testng.reporters.JUnitReportReporter -->
<testsuite hostname="Lenovo-G50" name="testcases.VerifyLoginPage3" tests="1" failures="0" timestamp="5 Sep 2017 22:02:09 GMT" time="13.297" errors="0">
  <testcase name="testHomePage" time="13.297" classname="testcases.VerifyLoginPage3"/>
</testsuite> <!-- testcases.VerifyLoginPage3 -->
